{
  "issue_number": 16495,
  "title": "An exception should be thrown for `json_length(col, '$.*')`",
  "body": "## Bug Report\r\n\r\n<!-- Thanks for your bug report! Don't worry if you can't fill out all the sections. -->\r\n\r\n### What version of TiKV are you using?\r\n<!-- You can run `tikv-server --version` -->\r\n\r\n### What operating system and CPU are you using?\r\n<!-- If you're using Linux, you can run `cat /proc/cpuinfo` -->\r\n\r\n### Steps to reproduce\r\n<!-- If possible, provide a recipe for reproducing the error. A complete runnable program is good. -->\r\n```\r\nuse test;\r\ndrop table if exists t;\r\ncreate table t(a varchar(50));\r\ninsert into t values ('$.*');\r\nselect json_length('{}', a) from t;\r\n+-------------------------+---------+-----------+---------------+--------------------------------------------------------+\r\n| id                      | estRows | task      | access object | operator info                                          |\r\n+-------------------------+---------+-----------+---------------+--------------------------------------------------------+\r\n| Projection_3            | 1.00    | root      |               | json_length(cast({}, json BINARY), test.t.a)->Column#3 |\r\n| └─TableReader_5         | 1.00    | root      |               | data:TableFullScan_4                                   |\r\n|   └─TableFullScan_4     | 1.00    | cop[tikv] | table:t       | keep order:false, stats:pseudo                         |\r\n+-------------------------+---------+-----------+---------------+--------------------------------------------------------+\r\nselect * from t where json_length('{}', a) is null;\r\n+-------------------------+---------+-----------+---------------+--------------------------------------------------------+\r\n| id                      | estRows | task      | access object | operator info                                          |\r\n+-------------------------+---------+-----------+---------------+--------------------------------------------------------+\r\n| TableReader_7           | 0.80    | root      |               | data:Selection_6                                       |\r\n| └─Selection_6           | 0.80    | cop[tikv] |               | isnull(json_length(cast(\"{}\", json BINARY), test.t.a)) |\r\n|   └─TableFullScan_5     | 1.00    | cop[tikv] | table:t       | keep order:false, stats:pseudo                         |\r\n+-------------------------+---------+-----------+---------------+--------------------------------------------------------+\r\n```\r\n\r\n### What did you expect?\r\n```\r\nIn this situation, path expressions may not contain the * and ** tokens or range selection.\r\n```\r\n\r\n### What did happened?\r\n```\r\n+------+\r\n| a    |\r\n+------+\r\n| $.*  |\r\n+------+\r\n```",
  "state": "open",
  "created_at": "2024-02-04T08:03:08Z",
  "updated_at": "2024-02-04T08:03:08Z",
  "closed_at": null,
  "labels": [
    "type/bug"
  ],
  "comments_data": []
}